<?xml version="1.0" encoding="UTF-8"?>
<testng-results skipped="0" failed="1" ignored="0" total="2" passed="1">
  <reporter-output>
  </reporter-output>
  <suite name="Default suite" duration-ms="24046" started-at="2021-08-16T16:09:31 IST" finished-at="2021-08-16T16:09:55 IST">
    <groups>
    </groups>
    <test name="Default test" duration-ms="24046" started-at="2021-08-16T16:09:31 IST" finished-at="2021-08-16T16:09:55 IST">
      <class name="amazon.Amazonlogin">
        <test-method status="PASS" signature="initializereports(org.testng.ITestContext)[pri:0, instance:amazon.Amazonlogin@687080dc]" name="initializereports" is-config="true" duration-ms="617" started-at="2021-08-16T16:09:31 IST" finished-at="2021-08-16T16:09:32 IST">
          <params>
            <param index="0">
              <value>
                <![CDATA[org.testng.TestRunner@1c32886a]]>
              </value>
            </param>
          </params>
          <reporter-output>
          </reporter-output>
        </test-method> <!-- initializereports -->
        <test-method status="PASS" signature="logintoamazon()[pri:0, instance:amazon.Amazonlogin@687080dc]" name="logintoamazon" duration-ms="17916" started-at="2021-08-16T16:09:32 IST" finished-at="2021-08-16T16:09:50 IST">
          <reporter-output>
          </reporter-output>
        </test-method> <!-- logintoamazon -->
        <test-method status="FAIL" signature="addtocart()[pri:2, instance:amazon.Amazonlogin@687080dc]" name="addtocart" duration-ms="3837" started-at="2021-08-16T16:09:50 IST" finished-at="2021-08-16T16:09:53 IST">
          <exception class="java.lang.IllegalArgumentException">
            <message>
              <![CDATA[Key Down / Up events only make sense for modifier keys.]]>
            </message>
            <full-stacktrace>
              <![CDATA[java.lang.IllegalArgumentException: Key Down / Up events only make sense for modifier keys.
at org.openqa.selenium.interactions.internal.SingleKeyAction.<init>(SingleKeyAction.java:49)
at org.openqa.selenium.interactions.internal.SingleKeyAction.<init>(SingleKeyAction.java:37)
at org.openqa.selenium.interactions.KeyDownAction.<init>(KeyDownAction.java:40)
at org.openqa.selenium.interactions.Actions.keyDown(Actions.java:115)
at amazon.Amazonlogin.addtocart(Amazonlogin.java:80)
at sun.reflect.NativeMethodAccessorImpl.invoke0(Native Method)
at sun.reflect.NativeMethodAccessorImpl.invoke(NativeMethodAccessorImpl.java:62)
at sun.reflect.DelegatingMethodAccessorImpl.invoke(DelegatingMethodAccessorImpl.java:43)
at java.lang.reflect.Method.invoke(Method.java:498)
at org.testng.internal.MethodInvocationHelper.invokeMethod(MethodInvocationHelper.java:133)
at org.testng.internal.TestInvoker.invokeMethod(TestInvoker.java:598)
at org.testng.internal.TestInvoker.invokeTestMethod(TestInvoker.java:173)
at org.testng.internal.MethodRunner.runInSequence(MethodRunner.java:46)
at org.testng.internal.TestInvoker$MethodInvocationAgent.invoke(TestInvoker.java:824)
at org.testng.internal.TestInvoker.invokeTestMethods(TestInvoker.java:146)
at org.testng.internal.TestMethodWorker.invokeTestMethods(TestMethodWorker.java:146)
at org.testng.internal.TestMethodWorker.run(TestMethodWorker.java:128)
at java.util.ArrayList.forEach(ArrayList.java:1259)
at org.testng.TestRunner.privateRun(TestRunner.java:794)
at org.testng.TestRunner.run(TestRunner.java:596)
at org.testng.SuiteRunner.runTest(SuiteRunner.java:377)
at org.testng.SuiteRunner.runSequentially(SuiteRunner.java:371)
at org.testng.SuiteRunner.privateRun(SuiteRunner.java:332)
at org.testng.SuiteRunner.run(SuiteRunner.java:276)
at org.testng.SuiteRunnerWorker.runSuite(SuiteRunnerWorker.java:53)
at org.testng.SuiteRunnerWorker.run(SuiteRunnerWorker.java:96)
at org.testng.TestNG.runSuitesSequentially(TestNG.java:1212)
at org.testng.TestNG.runSuitesLocally(TestNG.java:1134)
at org.testng.TestNG.runSuites(TestNG.java:1063)
at org.testng.TestNG.run(TestNG.java:1031)
at org.testng.remote.AbstractRemoteTestNG.run(AbstractRemoteTestNG.java:115)
at org.testng.remote.RemoteTestNG.initAndRun(RemoteTestNG.java:251)
at org.testng.remote.RemoteTestNG.main(RemoteTestNG.java:77)
]]>
            </full-stacktrace>
          </exception> <!-- java.lang.IllegalArgumentException -->
          <reporter-output>
          </reporter-output>
        </test-method> <!-- addtocart -->
        <test-method status="PASS" signature="generatereports()[pri:0, instance:amazon.Amazonlogin@687080dc]" name="generatereports" is-config="true" duration-ms="1590" started-at="2021-08-16T16:09:53 IST" finished-at="2021-08-16T16:09:55 IST">
          <reporter-output>
          </reporter-output>
        </test-method> <!-- generatereports -->
      </class> <!-- amazon.Amazonlogin -->
    </test> <!-- Default test -->
  </suite> <!-- Default suite -->
</testng-results>
