<?xml version="1.0" encoding="UTF-8"?>
<testng-results skipped="0" failed="0" ignored="0" total="1" passed="1">
  <reporter-output>
  </reporter-output>
  <suite name="Suite" duration-ms="117422" started-at="2021-07-31T14:42:20 IST" finished-at="2021-07-31T14:44:18 IST">
    <groups>
    </groups>
    <test name="Test" duration-ms="117422" started-at="2021-07-31T14:42:20 IST" finished-at="2021-07-31T14:44:18 IST">
      <class name="amazon.Amazonupdate1">
        <test-method status="PASS" signature="Amazonlogin()[pri:0, instance:amazon.Amazonupdate1@2a17b7b6]" name="Amazonlogin" duration-ms="117239" started-at="2021-07-31T14:42:20 IST" finished-at="2021-07-31T14:44:18 IST">
          <reporter-output>
          </reporter-output>
        </test-method> <!-- Amazonlogin -->
      </class> <!-- amazon.Amazonupdate1 -->
    </test> <!-- Test -->
  </suite> <!-- Suite -->
</testng-results>
