<?xml version="1.0" encoding="UTF-8"?>
<!-- Generated by org.testng.reporters.JUnitXMLReporter -->
<testsuite hostname="Nagesh-24731" ignored="0" name="Test" tests="2" failures="1" timestamp="2021-08-16T16:17:19 IST" time="17.854" errors="0">
  <testcase name="logintoamazon" time="11.653" classname="amazon.Amazonlogin"/>
  <testcase name="addtocart" time="5.423" classname="amazon.Amazonlogin">
    <failure type="java.lang.IllegalArgumentException" message="Key Down / Up events only make sense for modifier keys.">
      <![CDATA[java.lang.IllegalArgumentException: Key Down / Up events only make sense for modifier keys.
at org.openqa.selenium.interactions.internal.SingleKeyAction.<init>(SingleKeyAction.java:49)
at org.openqa.selenium.interactions.internal.SingleKeyAction.<init>(SingleKeyAction.java:37)
at org.openqa.selenium.interactions.KeyDownAction.<init>(KeyDownAction.java:40)
at org.openqa.selenium.interactions.Actions.keyDown(Actions.java:115)
at amazon.Amazonlogin.addtocart(Amazonlogin.java:80)
at java.util.ArrayList.forEach(ArrayList.java:1259)
... Removed 31 stack frames]]>
    </failure>
  </testcase> <!-- addtocart -->
</testsuite> <!-- Test -->
