<?xml version="1.0" encoding="UTF-8"?>
<testng-results skipped="0" failed="0" ignored="0" total="1" passed="1">
  <reporter-output>
  </reporter-output>
  <suite name="Default suite" duration-ms="40" started-at="2021-08-03T15:38:52 IST" finished-at="2021-08-03T15:38:52 IST">
    <groups>
    </groups>
    <test name="Default test" duration-ms="40" started-at="2021-08-03T15:38:52 IST" finished-at="2021-08-03T15:38:52 IST">
      <class name="pageobjects.Readingproperties1">
        <test-method status="PASS" signature="app()[pri:0, instance:pageobjects.Readingproperties1@12cdcf4]" name="app" duration-ms="8" started-at="2021-08-03T15:38:52 IST" finished-at="2021-08-03T15:38:52 IST">
          <reporter-output>
          </reporter-output>
        </test-method> <!-- app -->
      </class> <!-- pageobjects.Readingproperties1 -->
    </test> <!-- Default test -->
  </suite> <!-- Default suite -->
</testng-results>
